<?xml version="1.0" encoding="UTF-8"?>
<coverage generated="1765520475642" clover="3.2.0">
  <project timestamp="1765520475642" name="All files">
    <metrics statements="11" coveredstatements="11" conditionals="13" coveredconditionals="7" methods="7" coveredmethods="7" elements="31" coveredelements="25" complexity="0" loc="11" ncloc="11" packages="1" files="2" classes="2"/>
    <file name="ForecastList.jsx" path="C:\Users\v-tianji\Desktop\ghcpd\oswe-mini-prime-270\ui-weather\src\components\ForecastList.jsx">
      <metrics statements="7" coveredstatements="7" conditionals="3" coveredconditionals="2" methods="5" coveredmethods="5"/>
      <line num="13" count="1" type="stmt"/>
      <line num="16" count="3" type="stmt"/>
      <line num="17" count="1" type="stmt"/>
      <line num="22" count="3" type="stmt"/>
      <line num="30" count="1" type="stmt"/>
      <line num="35" count="3" type="stmt"/>
      <line num="50" count="3" type="cond" truecount="1" falsecount="1"/>
    </file>
    <file name="WeatherCard.jsx" path="C:\Users\v-tianji\Desktop\ghcpd\oswe-mini-prime-270\ui-weather\src\components\WeatherCard.jsx">
      <metrics statements="4" coveredstatements="4" conditionals="10" coveredconditionals="5" methods="2" coveredmethods="2"/>
      <line num="4" count="1" type="cond" truecount="1" falsecount="1"/>
      <line num="5" count="1" type="stmt"/>
      <line num="26" count="1" type="stmt"/>
      <line num="33" count="1" type="cond" truecount="1" falsecount="1"/>
    </file>
  </project>
</coverage>
