{"C:\\Users\\v-tianji\\Desktop\\ghcpd\\oswe-mini-prime-270\\ui-weather\\src\\components\\ForecastList.jsx": {"path":"C:\\Users\\v-tianji\\Desktop\\ghcpd\\oswe-mini-prime-270\\ui-weather\\src\\components\\ForecastList.jsx","statementMap":{"0":{"start":{"line":13,"column":0},"end":{"line":13,"column":null}},"1":{"start":{"line":16,"column":17},"end":{"line":16,"column":null}},"2":{"start":{"line":16,"column":38},"end":{"line":16,"column":44}},"3":{"start":{"line":17,"column":15},"end":{"line":28,"column":null}},"4":{"start":{"line":22,"column":35},"end":{"line":22,"column":41}},"5":{"start":{"line":30,"column":2},"end":{"line":45,"column":null}},"6":{"start":{"line":35,"column":10},"end":{"line":39,"column":null}},"7":{"start":{"line":50,"column":2},"end":{"line":56,"column":null}}},"fnMap":{"0":{"name":"ForecastList","decl":{"start":{"line":15,"column":24},"end":{"line":15,"column":37}},"loc":{"start":{"line":15,"column":57},"end":{"line":47,"column":null}},"line":15},"1":{"name":"(anonymous_1)","decl":{"start":{"line":16,"column":31},"end":{"line":16,"column":32}},"loc":{"start":{"line":16,"column":38},"end":{"line":16,"column":44}},"line":16},"2":{"name":"(anonymous_2)","decl":{"start":{"line":22,"column":28},"end":{"line":22,"column":29}},"loc":{"start":{"line":22,"column":35},"end":{"line":22,"column":41}},"line":22},"3":{"name":"(anonymous_3)","decl":{"start":{"line":34,"column":23},"end":{"line":34,"column":24}},"loc":{"start":{"line":35,"column":10},"end":{"line":39,"column":null}},"line":35},"4":{"name":"iconFor","decl":{"start":{"line":49,"column":9},"end":{"line":49,"column":17}},"loc":{"start":{"line":49,"column":23},"end":{"line":57,"column":null}},"line":49}},"branchMap":{"0":{"loc":{"start":{"line":15,"column":39},"end":{"line":15,"column":54}},"type":"default-arg","locations":[{"start":{"line":15,"column":51},"end":{"line":15,"column":54}}],"line":15},"1":{"loc":{"start":{"line":50,"column":10},"end":{"line":56,"column":null}},"type":"binary-expr","locations":[{"start":{"line":50,"column":10},"end":{"line":56,"column":13}},{"start":{"line":56,"column":13},"end":{"line":56,"column":null}}],"line":50}},"s":{"0":1,"1":1,"2":3,"3":1,"4":3,"5":1,"6":3,"7":3},"f":{"0":1,"1":3,"2":3,"3":3,"4":3},"b":{"0":[1],"1":[3,0]},"meta":{"lastBranch":2,"lastFunction":5,"lastStatement":8,"seen":{"s:13:0:13:Infinity":0,"f:15:24:15:37":0,"b:15:51:15:54":0,"s:16:17:16:Infinity":1,"f:16:31:16:32":1,"s:16:38:16:44":2,"s:17:15:28:Infinity":3,"f:22:28:22:29":2,"s:22:35:22:41":4,"s:30:2:45:Infinity":5,"f:34:23:34:24":3,"s:35:10:39:Infinity":6,"f:49:9:49:17":4,"s:50:2:56:Infinity":7,"b:50:10:56:13:56:13:56:Infinity":1}}}
,"C:\\Users\\v-tianji\\Desktop\\ghcpd\\oswe-mini-prime-270\\ui-weather\\src\\components\\WeatherCard.jsx": {"path":"C:\\Users\\v-tianji\\Desktop\\ghcpd\\oswe-mini-prime-270\\ui-weather\\src\\components\\WeatherCard.jsx","statementMap":{"0":{"start":{"line":4,"column":15},"end":{"line":4,"column":null}},"1":{"start":{"line":5,"column":2},"end":{"line":21,"column":null}},"2":{"start":{"line":26,"column":16},"end":{"line":32,"column":null}},"3":{"start":{"line":33,"column":2},"end":{"line":33,"column":null}}},"fnMap":{"0":{"name":"WeatherCard","decl":{"start":{"line":3,"column":24},"end":{"line":3,"column":36}},"loc":{"start":{"line":3,"column":46},"end":{"line":23,"column":null}},"line":3},"1":{"name":"renderIcon","decl":{"start":{"line":25,"column":9},"end":{"line":25,"column":20}},"loc":{"start":{"line":25,"column":26},"end":{"line":34,"column":null}},"line":25}},"branchMap":{"0":{"loc":{"start":{"line":4,"column":26},"end":{"line":4,"column":41}},"type":"binary-expr","locations":[{"start":{"line":4,"column":26},"end":{"line":4,"column":40}},{"start":{"line":4,"column":40},"end":{"line":4,"column":41}}],"line":4},"1":{"loc":{"start":{"line":11,"column":34},"end":{"line":11,"column":55}},"type":"binary-expr","locations":[{"start":{"line":11,"column":34},"end":{"line":11,"column":54}},{"start":{"line":11,"column":54},"end":{"line":11,"column":55}}],"line":11},"2":{"loc":{"start":{"line":12,"column":26},"end":{"line":12,"column":46}},"type":"binary-expr","locations":[{"start":{"line":12,"column":26},"end":{"line":12,"column":44}},{"start":{"line":12,"column":44},"end":{"line":12,"column":46}}],"line":12},"3":{"loc":{"start":{"line":13,"column":22},"end":{"line":13,"column":44}},"type":"binary-expr","locations":[{"start":{"line":13,"column":22},"end":{"line":13,"column":42}},{"start":{"line":13,"column":42},"end":{"line":13,"column":44}}],"line":13},"4":{"loc":{"start":{"line":33,"column":9},"end":{"line":33,"column":null}},"type":"binary-expr","locations":[{"start":{"line":33,"column":9},"end":{"line":33,"column":24}},{"start":{"line":33,"column":24},"end":{"line":33,"column":null}}],"line":33}},"s":{"0":1,"1":1,"2":1,"3":1},"f":{"0":1,"1":1},"b":{"0":[1,0],"1":[1,0],"2":[1,0],"3":[1,0],"4":[1,0]},"meta":{"lastBranch":5,"lastFunction":2,"lastStatement":4,"seen":{"f:3:24:3:36":0,"s:4:15:4:Infinity":0,"b:4:26:4:40:4:40:4:41":0,"s:5:2:21:Infinity":1,"b:11:34:11:54:11:54:11:55":1,"b:12:26:12:44:12:44:12:46":2,"b:13:22:13:42:13:42:13:44":3,"f:25:9:25:20":1,"s:26:16:32:Infinity":2,"s:33:2:33:Infinity":3,"b:33:9:33:24:33:24:33:Infinity":4}}}
}
